<?xml version="1.0" encoding="UTF-8"?>
<!-- Generated by org.testng.reporters.JUnitReportReporter -->
<testsuite hostname="DESKTOP-KML9RV5" failures="0" tests="12" name="Grid.OperaNode" time="0.572" errors="1" timestamp="2022-02-23T14:20:52 PST" skipped="11">
  <testcase classname="Grid.OperaNode" name="SigninButton" time="0.000">
    <skipped/>
  </testcase> <!-- SigninButton -->
  <system-out/>
  <testcase classname="Grid.OperaNode" name="InputValidPassword" time="0.000">
    <skipped/>
  </testcase> <!-- InputValidPassword -->
  <system-out/>
  <testcase classname="Grid.OperaNode" name="OpenBrowser" time="0.572">
    <error message="session not created: No matching capabilities found
Build info: version: &#039;3.9.1&#039;, revision: &#039;63f7b50&#039;, time: &#039;2018-02-07T22:42:28.403Z&#039;
System info: host: &#039;DESKTOP-KML9RV5&#039;, ip: &#039;192.168.1.10&#039;, os.name: &#039;Windows 10&#039;, os.arch: &#039;amd64&#039;, os.version: &#039;10.0&#039;, java.version: &#039;16.0.2&#039;
Driver info: driver.version: unknown
remote stacktrace: Backtrace:
	Ordinal0 [0x00007FF6B6FECAB2+1952434]
	Ordinal0 [0x00007FF6B6F27E42+1146434]
	Ordinal0 [0x00007FF6B6E9F325+586533]
	Ordinal0 [0x00007FF6B6E4257A+206202]
	Ordinal0 [0x00007FF6B6E42C01+207873]
	Ordinal0 [0x00007FF6B6E40ADF+199391]
	Ordinal0 [0x00007FF6B6E24902+84226]
	Ordinal0 [0x00007FF6B6E25A5E+88670]
	GetHandleVerifier [0x00007FF6B715BA37+1351223]
	GetHandleVerifier [0x00007FF6B709F0FA+578810]
	GetHandleVerifier [0x00007FF6B709EE71+578161]
	Ordinal0 [0x00007FF6B6FF94FC+2004220]
	GetHandleVerifier [0x00007FF6B709F8D5+580821]
	Ordinal0 [0x00007FF6B6F3D89E+1235102]
	Ordinal0 [0x00007FF6B6F49F66+1285990]
	Ordinal0 [0x00007FF6B6F48E8D+1281677]
	BaseThreadInitThunk [0x00007FFB3CBD7034+20]
	RtlUserThreadStart [0x00007FFB3E102651+33]

Command duration or timeout: 267 milliseconds" type="org.openqa.selenium.SessionNotCreatedException">
      <![CDATA[org.openqa.selenium.SessionNotCreatedException: session not created: No matching capabilities found
Build info: version: '3.9.1', revision: '63f7b50', time: '2018-02-07T22:42:28.403Z'
System info: host: 'DESKTOP-KML9RV5', ip: '192.168.1.10', os.name: 'Windows 10', os.arch: 'amd64', os.version: '10.0', java.version: '16.0.2'
Driver info: driver.version: unknown
remote stacktrace: Backtrace:
Ordinal0 [0x00007FF6B6FECAB2+1952434]
Ordinal0 [0x00007FF6B6F27E42+1146434]
Ordinal0 [0x00007FF6B6E9F325+586533]
Ordinal0 [0x00007FF6B6E4257A+206202]
Ordinal0 [0x00007FF6B6E42C01+207873]
Ordinal0 [0x00007FF6B6E40ADF+199391]
Ordinal0 [0x00007FF6B6E24902+84226]
Ordinal0 [0x00007FF6B6E25A5E+88670]
GetHandleVerifier [0x00007FF6B715BA37+1351223]
GetHandleVerifier [0x00007FF6B709F0FA+578810]
GetHandleVerifier [0x00007FF6B709EE71+578161]
Ordinal0 [0x00007FF6B6FF94FC+2004220]
GetHandleVerifier [0x00007FF6B709F8D5+580821]
Ordinal0 [0x00007FF6B6F3D89E+1235102]
Ordinal0 [0x00007FF6B6F49F66+1285990]
Ordinal0 [0x00007FF6B6F48E8D+1281677]
BaseThreadInitThunk [0x00007FFB3CBD7034+20]
RtlUserThreadStart [0x00007FFB3E102651+33]

Command duration or timeout: 267 milliseconds
at java.base/jdk.internal.reflect.NativeConstructorAccessorImpl.newInstance0(Native Method)
at java.base/jdk.internal.reflect.NativeConstructorAccessorImpl.newInstance(NativeConstructorAccessorImpl.java:78)
at java.base/jdk.internal.reflect.DelegatingConstructorAccessorImpl.newInstance(DelegatingConstructorAccessorImpl.java:45)
at java.base/java.lang.reflect.Constructor.newInstanceWithCaller(Constructor.java:499)
at java.base/java.lang.reflect.Constructor.newInstance(Constructor.java:480)
at org.openqa.selenium.remote.ErrorHandler.createThrowable(ErrorHandler.java:214)
at org.openqa.selenium.remote.ErrorHandler.throwIfResponseFailed(ErrorHandler.java:166)
at org.openqa.selenium.remote.JsonWireProtocolResponse.lambda$new$0(JsonWireProtocolResponse.java:53)
at org.openqa.selenium.remote.JsonWireProtocolResponse.lambda$getResponseFunction$2(JsonWireProtocolResponse.java:91)
at org.openqa.selenium.remote.ProtocolHandshake.lambda$createSession$0(ProtocolHandshake.java:123)
at java.base/java.util.stream.ReferencePipeline$3$1.accept(ReferencePipeline.java:197)
at java.base/java.util.Spliterators$ArraySpliterator.tryAdvance(Spliterators.java:958)
at java.base/java.util.stream.ReferencePipeline.forEachWithCancel(ReferencePipeline.java:129)
at java.base/java.util.stream.AbstractPipeline.copyIntoWithCancel(AbstractPipeline.java:502)
at java.base/java.util.stream.AbstractPipeline.copyInto(AbstractPipeline.java:488)
at java.base/java.util.stream.AbstractPipeline.wrapAndCopyInto(AbstractPipeline.java:474)
at java.base/java.util.stream.FindOps$FindOp.evaluateSequential(FindOps.java:150)
at java.base/java.util.stream.AbstractPipeline.evaluate(AbstractPipeline.java:234)
at java.base/java.util.stream.ReferencePipeline.findFirst(ReferencePipeline.java:647)
at org.openqa.selenium.remote.ProtocolHandshake.createSession(ProtocolHandshake.java:126)
at org.openqa.selenium.remote.ProtocolHandshake.createSession(ProtocolHandshake.java:73)
at org.openqa.selenium.remote.HttpCommandExecutor.execute(HttpCommandExecutor.java:138)
at org.openqa.selenium.remote.RemoteWebDriver.execute(RemoteWebDriver.java:601)
at org.openqa.selenium.remote.RemoteWebDriver.startSession(RemoteWebDriver.java:219)
at org.openqa.selenium.remote.RemoteWebDriver.<init>(RemoteWebDriver.java:142)
at org.openqa.selenium.remote.RemoteWebDriver.<init>(RemoteWebDriver.java:155)
at Grid.OperaNode.OpenBrowser(OperaNode.java:36)
at java.base/jdk.internal.reflect.NativeMethodAccessorImpl.invoke0(Native Method)
at java.base/jdk.internal.reflect.NativeMethodAccessorImpl.invoke(NativeMethodAccessorImpl.java:78)
at java.base/jdk.internal.reflect.DelegatingMethodAccessorImpl.invoke(DelegatingMethodAccessorImpl.java:43)
at java.base/java.lang.reflect.Method.invoke(Method.java:567)
at org.testng.internal.MethodInvocationHelper.invokeMethod(MethodInvocationHelper.java:133)
at org.testng.internal.MethodInvocationHelper.invokeMethodConsideringTimeout(MethodInvocationHelper.java:62)
at org.testng.internal.ConfigInvoker.invokeConfigurationMethod(ConfigInvoker.java:385)
at org.testng.internal.ConfigInvoker.invokeConfigurations(ConfigInvoker.java:321)
at org.testng.TestRunner.invokeTestConfigurations(TestRunner.java:637)
at org.testng.TestRunner.beforeRun(TestRunner.java:627)
at org.testng.TestRunner.run(TestRunner.java:589)
at org.testng.SuiteRunner.runTest(SuiteRunner.java:377)
at org.testng.SuiteRunner.runSequentially(SuiteRunner.java:371)
at org.testng.SuiteRunner.privateRun(SuiteRunner.java:332)
at org.testng.SuiteRunner.run(SuiteRunner.java:276)
at org.testng.SuiteRunnerWorker.runSuite(SuiteRunnerWorker.java:53)
at org.testng.SuiteRunnerWorker.run(SuiteRunnerWorker.java:96)
at org.testng.TestNG.runSuitesSequentially(TestNG.java:1212)
at org.testng.TestNG.runSuitesLocally(TestNG.java:1134)
at org.testng.TestNG.runSuites(TestNG.java:1063)
at org.testng.TestNG.run(TestNG.java:1031)
at org.testng.remote.AbstractRemoteTestNG.run(AbstractRemoteTestNG.java:115)
at org.testng.remote.RemoteTestNG.initAndRun(RemoteTestNG.java:251)
at org.testng.remote.RemoteTestNG.main(RemoteTestNG.java:77)
Caused by: org.openqa.selenium.SessionNotCreatedException: session not created: No matching capabilities found
Build info: version: '3.9.1', revision: '63f7b50', time: '2018-02-07T22:42:28.403Z'
System info: host: 'DESKTOP-KML9RV5', ip: '192.168.1.10', os.name: 'Windows 10', os.arch: 'amd64', os.version: '10.0', java.version: '16.0.2'
Driver info: driver.version: unknown
remote stacktrace: Backtrace:
Ordinal0 [0x00007FF6B6FECAB2+1952434]
Ordinal0 [0x00007FF6B6F27E42+1146434]
Ordinal0 [0x00007FF6B6E9F325+586533]
Ordinal0 [0x00007FF6B6E4257A+206202]
Ordinal0 [0x00007FF6B6E42C01+207873]
Ordinal0 [0x00007FF6B6E40ADF+199391]
Ordinal0 [0x00007FF6B6E24902+84226]
Ordinal0 [0x00007FF6B6E25A5E+88670]
GetHandleVerifier [0x00007FF6B715BA37+1351223]
GetHandleVerifier [0x00007FF6B709F0FA+578810]
GetHandleVerifier [0x00007FF6B709EE71+578161]
Ordinal0 [0x00007FF6B6FF94FC+2004220]
GetHandleVerifier [0x00007FF6B709F8D5+580821]
Ordinal0 [0x00007FF6B6F3D89E+1235102]
Ordinal0 [0x00007FF6B6F49F66+1285990]
Ordinal0 [0x00007FF6B6F48E8D+1281677]
BaseThreadInitThunk [0x00007FFB3CBD7034+20]
RtlUserThreadStart [0x00007FFB3E102651+33]

Build info: version: '3.9.1', revision: '63f7b50', time: '2018-02-07T22:42:28.403Z'
System info: host: 'DESKTOP-KML9RV5', ip: '192.168.1.10', os.name: 'Windows 10', os.arch: 'amd64', os.version: '10.0', java.version: '16.0.2'
Driver info: driver.version: unknown
at jdk.internal.reflect.NativeConstructorAccessorImpl.newInstance0(Native Method)
at jdk.internal.reflect.NativeConstructorAccessorImpl.newInstance(NativeConstructorAccessorImpl.java:78)
at jdk.internal.reflect.DelegatingConstructorAccessorImpl.newInstance(DelegatingConstructorAccessorImpl.java:45)
at java.lang.reflect.Constructor.newInstanceWithCaller(Constructor.java:499)
at java.lang.reflect.Constructor.newInstance(Constructor.java:480)
at org.openqa.selenium.remote.W3CHandshakeResponse.lambda$new$0(W3CHandshakeResponse.java:57)
at org.openqa.selenium.remote.W3CHandshakeResponse.lambda$getResponseFunction$2(W3CHandshakeResponse.java:104)
at org.openqa.selenium.remote.ProtocolHandshake.lambda$createSession$0(ProtocolHandshake.java:123)
at java.util.stream.ReferencePipeline$3$1.accept(ReferencePipeline.java:197)
at java.util.Spliterators$ArraySpliterator.tryAdvance(Spliterators.java:958)
at java.util.stream.ReferencePipeline.forEachWithCancel(ReferencePipeline.java:129)
at java.util.stream.AbstractPipeline.copyIntoWithCancel(AbstractPipeline.java:502)
at java.util.stream.AbstractPipeline.copyInto(AbstractPipeline.java:488)
at java.util.stream.AbstractPipeline.wrapAndCopyInto(AbstractPipeline.java:474)
at java.util.stream.FindOps$FindOp.evaluateSequential(FindOps.java:150)
at java.util.stream.AbstractPipeline.evaluate(AbstractPipeline.java:234)
at java.util.stream.ReferencePipeline.findFirst(ReferencePipeline.java:647)
at org.openqa.selenium.remote.ProtocolHandshake.createSession(ProtocolHandshake.java:126)
at org.openqa.selenium.remote.ProtocolHandshake.createSession(ProtocolHandshake.java:73)
at org.openqa.selenium.remote.server.RemoteSession$Factory.performHandshake(RemoteSession.java:145)
at org.openqa.selenium.remote.server.ServicedSession$Factory.apply(ServicedSession.java:154)
at org.openqa.selenium.remote.server.ActiveSessionFactory.lambda$apply$12(ActiveSessionFactory.java:176)
at java.util.stream.ReferencePipeline$3$1.accept(ReferencePipeline.java:197)
at java.util.stream.ReferencePipeline$15$1.accept(ReferencePipeline.java:541)
at java.util.stream.ReferencePipeline$2$1.accept(ReferencePipeline.java:179)
at java.util.Spliterators$ArraySpliterator.tryAdvance(Spliterators.java:958)
at java.util.stream.ReferencePipeline.forEachWithCancel(ReferencePipeline.java:129)
at java.util.stream.AbstractPipeline.copyIntoWithCancel(AbstractPipeline.java:502)
at java.util.stream.AbstractPipeline.copyInto(AbstractPipeline.java:488)
at java.util.stream.AbstractPipeline.wrapAndCopyInto(AbstractPipeline.java:474)
at java.util.stream.FindOps$FindOp.evaluateSequential(FindOps.java:150)
at java.util.stream.AbstractPipeline.evaluate(AbstractPipeline.java:234)
at java.util.stream.ReferencePipeline.findFirst(ReferencePipeline.java:647)
at org.openqa.selenium.remote.server.ActiveSessionFactory.apply(ActiveSessionFactory.java:179)
at org.openqa.selenium.remote.server.NewSessionPipeline.lambda$null$2(NewSessionPipeline.java:65)
at java.util.stream.ReferencePipeline$3$1.accept(ReferencePipeline.java:197)
at java.util.stream.ReferencePipeline$2$1.accept(ReferencePipeline.java:179)
at java.util.Collections$2.tryAdvance(Collections.java:4820)
at java.util.stream.ReferencePipeline.forEachWithCancel(ReferencePipeline.java:129)
at java.util.stream.AbstractPipeline.copyIntoWithCancel(AbstractPipeline.java:502)
at java.util.stream.AbstractPipeline.copyInto(AbstractPipeline.java:488)
at java.util.stream.AbstractPipeline.wrapAndCopyInto(AbstractPipeline.java:474)
at java.util.stream.FindOps$FindOp.evaluateSequential(FindOps.java:150)
at java.util.stream.AbstractPipeline.evaluate(AbstractPipeline.java:234)
at java.util.stream.ReferencePipeline.findFirst(ReferencePipeline.java:647)
at org.openqa.selenium.remote.server.NewSessionPipeline.lambda$createNewSession$3(NewSessionPipeline.java:68)
at java.util.stream.ReferencePipeline$3$1.accept(ReferencePipeline.java:197)
at java.util.stream.ReferencePipeline$3$1.accept(ReferencePipeline.java:197)
at java.util.stream.ReferencePipeline$3$1.accept(ReferencePipeline.java:197)
at java.util.stream.DistinctOps$1$2.accept(DistinctOps.java:174)
at java.util.stream.ReferencePipeline$2$1.accept(ReferencePipeline.java:179)
at java.util.stream.ReferencePipeline$3$1.accept(ReferencePipeline.java:197)
at java.util.stream.ReferencePipeline$2$1.accept(ReferencePipeline.java:179)
at java.util.stream.Streams$StreamBuilderImpl.tryAdvance(Streams.java:397)
at java.util.stream.Streams$ConcatSpliterator.tryAdvance(Streams.java:720)
at java.util.stream.ReferencePipeline.forEachWithCancel(ReferencePipeline.java:129)
at java.util.stream.AbstractPipeline.copyIntoWithCancel(AbstractPipeline.java:502)
at java.util.stream.AbstractPipeline.copyInto(AbstractPipeline.java:488)
at java.util.stream.AbstractPipeline.wrapAndCopyInto(AbstractPipeline.java:474)
at java.util.stream.FindOps$FindOp.evaluateSequential(FindOps.java:150)
at java.util.stream.AbstractPipeline.evaluate(AbstractPipeline.java:234)
at java.util.stream.ReferencePipeline.findFirst(ReferencePipeline.java:647)
at org.openqa.selenium.remote.server.NewSessionPipeline.createNewSession(NewSessionPipeline.java:71)
at org.openqa.selenium.remote.server.commandhandler.BeginSession.execute(BeginSession.java:65)
at org.openqa.selenium.remote.server.WebDriverServlet.lambda$handle$0(WebDriverServlet.java:242)
at java.util.concurrent.Executors$RunnableAdapter.call(Executors.java:515)
at java.util.concurrent.FutureTask.run(FutureTask.java:264)
at java.util.concurrent.ThreadPoolExecutor.runWorker(ThreadPoolExecutor.java:1130)
at java.util.concurrent.ThreadPoolExecutor$Worker.run(ThreadPoolExecutor.java:630)
at java.lang.Thread.run(Thread.java:831)
]]>
    </error>
  </testcase> <!-- OpenBrowser -->
  <system-out/>
  <testcase classname="Grid.OperaNode" name="InputValidEmail" time="0.000">
    <skipped/>
  </testcase> <!-- InputValidEmail -->
  <system-out/>
  <testcase classname="Grid.OperaNode" name="TestSignout" time="0.000">
    <skipped/>
  </testcase> <!-- TestSignout -->
  <system-out/>
  <testcase classname="Grid.OperaNode" name="testNonExistentEmail" time="0.000">
    <skipped/>
  </testcase> <!-- testNonExistentEmail -->
  <system-out/>
  <testcase classname="Grid.OperaNode" name="testUseAnotherAccount" time="0.000">
    <skipped/>
  </testcase> <!-- testUseAnotherAccount -->
  <system-out/>
  <testcase classname="Grid.OperaNode" name="InputWrongPassword" time="0.000">
    <skipped/>
  </testcase> <!-- InputWrongPassword -->
  <system-out/>
  <testcase classname="Grid.OperaNode" name="nonexistentErrorMessage" time="0.000">
    <skipped/>
  </testcase> <!-- nonexistentErrorMessage -->
  <system-out/>
  <testcase classname="Grid.OperaNode" name="TestSavedAccount" time="0.000">
    <skipped/>
  </testcase> <!-- TestSavedAccount -->
  <system-out/>
  <testcase classname="Grid.OperaNode" name="pswrdTestErrorMessage" time="0.000">
    <skipped/>
  </testcase> <!-- pswrdTestErrorMessage -->
  <system-out/>
  <testcase classname="Grid.OperaNode" name="testonlyUsername" time="0.000">
    <skipped/>
  </testcase> <!-- testonlyUsername -->
  <system-out/>
</testsuite> <!-- Grid.OperaNode -->
